--------- beginning of main
--------- beginning of system
2025-03-09 05:25:44.093  1916-4234  ResourcesManager        com.android.systemui                 E  failed to add asset path /data/app/com.example.rhythmwatch-3H6W_1iC8IC9cMO62ltn6A==/base.apk
2025-03-09 05:25:44.094  1916-4234  ResourcesManager        com.android.systemui                 E  failed to add asset path /data/app/com.example.rhythmwatch-3H6W_1iC8IC9cMO62ltn6A==/base.apk
2025-03-09 05:25:44.094  1916-4234  ResourcesManager        com.android.systemui                 E  failed to add asset path /data/app/com.example.rhythmwatch-3H6W_1iC8IC9cMO62ltn6A==/base.apk
---------------------------- PROCESS STARTED (7667) for package com.example.rhythmwatch ----------------------------
2025-03-09 05:33:23.504  1916-2197  ResourcesManager        com.android.systemui                 E  failed to add asset path /data/app/com.example.rhythmwatch-znadO0ydfdVc6iRdWopREg==/base.apk
2025-03-09 05:33:23.504  1916-2197  ResourcesManager        com.android.systemui                 E  failed to add asset path /data/app/com.example.rhythmwatch-znadO0ydfdVc6iRdWopREg==/base.apk
2025-03-09 05:33:23.504  1916-2197  ResourcesManager        com.android.systemui                 E  failed to add asset path /data/app/com.example.rhythmwatch-znadO0ydfdVc6iRdWopREg==/base.apk
2025-03-09 05:33:57.998  1916-2197  ResourcesManager        com.android.systemui                 E  failed to add asset path /data/app/com.example.rhythmwatch-QqQQ779FfGXXMwXxoIz3Vg==/base.apk
2025-03-09 05:33:57.999  1916-2197  ResourcesManager        com.android.systemui                 E  failed to add asset path /data/app/com.example.rhythmwatch-QqQQ779FfGXXMwXxoIz3Vg==/base.apk
2025-03-09 05:33:57.999  1916-2197  ResourcesManager        com.android.systemui                 E  failed to add asset path /data/app/com.example.rhythmwatch-QqQQ779FfGXXMwXxoIz3Vg==/base.apk
2025-03-09 05:40:50.388  1916-1937  ResourcesManager        com.android.systemui                 E  failed to add asset path /data/app/com.example.rhythmwatch-ah05GszTqCQ-WprKosM0lQ==/base.apk
2025-03-09 05:40:50.389  1916-1937  ResourcesManager        com.android.systemui                 E  failed to add asset path /data/app/com.example.rhythmwatch-ah05GszTqCQ-WprKosM0lQ==/base.apk
2025-03-09 05:40:50.389  1916-1937  ResourcesManager        com.android.systemui                 E  failed to add asset path /data/app/com.example.rhythmwatch-ah05GszTqCQ-WprKosM0lQ==/base.apk
2025-03-09 05:41:38.036  1778-1833  ResourcesManager        system_server                        E  failed to add asset path /data/app/com.example.rhythmwatch-1TWLChidoUcty-i8dC5Mfw==/base.apk
2025-03-09 05:41:38.168  1916-2263  ResourcesManager        com.android.systemui                 E  failed to add asset path /data/app/com.example.rhythmwatch-1TWLChidoUcty-i8dC5Mfw==/base.apk
2025-03-09 05:41:38.168  1916-2263  ResourcesManager        com.android.systemui                 E  failed to add asset path /data/app/com.example.rhythmwatch-1TWLChidoUcty-i8dC5Mfw==/base.apk
2025-03-09 05:41:38.168  1916-2263  ResourcesManager        com.android.systemui                 E  failed to add asset path /data/app/com.example.rhythmwatch-1TWLChidoUcty-i8dC5Mfw==/base.apk
2025-03-09 05:48:11.455  1778-1833  ResourcesManager        system_server                        E  failed to add asset path /data/app/com.example.rhythmwatch-q1Fw9TaAxiKuXNXqh9_h1Q==/base.apk
2025-03-09 05:48:11.588  1916-4234  ResourcesManager        com.android.systemui                 E  failed to add asset path /data/app/com.example.rhythmwatch-q1Fw9TaAxiKuXNXqh9_h1Q==/base.apk
2025-03-09 05:48:11.590  1916-4234  ResourcesManager        com.android.systemui                 E  failed to add asset path /data/app/com.example.rhythmwatch-q1Fw9TaAxiKuXNXqh9_h1Q==/base.apk
2025-03-09 05:48:11.590  1916-4234  ResourcesManager        com.android.systemui                 E  failed to add asset path /data/app/com.example.rhythmwatch-q1Fw9TaAxiKuXNXqh9_h1Q==/base.apk
2025-03-09 05:49:34.663  1916-4234  ResourcesManager        com.android.systemui                 E  failed to add asset path /data/app/com.example.rhythmwatch-SEnVYBiFYu7cW5W49KVdug==/base.apk
2025-03-09 05:49:34.664  1916-4234  ResourcesManager        com.android.systemui                 E  failed to add asset path /data/app/com.example.rhythmwatch-SEnVYBiFYu7cW5W49KVdug==/base.apk
2025-03-09 05:49:34.664  1916-4234  ResourcesManager        com.android.systemui                 E  failed to add asset path /data/app/com.example.rhythmwatch-SEnVYBiFYu7cW5W49KVdug==/base.apk
2025-03-09 05:52:26.972  7667-7667  zygote                  com.example.rhythmwatch              I  Late-enabling -Xcheck:jni
2025-03-09 05:52:26.985  7667-7667  zygote                  com.example.rhythmwatch              W  Unexpected CPU variant for X86 using defaults: x86
2025-03-09 05:52:27.181  7667-7700  OpenGLRenderer          com.example.rhythmwatch              D  HWUI GL Pipeline
2025-03-09 05:52:27.526  7667-7667  TimerScreen             com.example.rhythmwatch              D  Current Time: 00:00:00
2025-03-09 05:52:27.662  7667-7700  <no-tag>                com.example.rhythmwatch              D  HostConnection::get() New Host Connection established 0xa86f4800, tid 7700
2025-03-09 05:52:27.667  7667-7700  OpenGLRenderer          com.example.rhythmwatch              I  Initialized EGL, version 1.4
2025-03-09 05:52:27.667  7667-7700  OpenGLRenderer          com.example.rhythmwatch              D  Swap behavior 1
2025-03-09 05:52:27.667  7667-7700  OpenGLRenderer          com.example.rhythmwatch              W  Failed to choose config with EGL_SWAP_BEHAVIOR_PRESERVED, retrying without...
2025-03-09 05:52:27.667  7667-7700  OpenGLRenderer          com.example.rhythmwatch              D  Swap behavior 0
2025-03-09 05:52:27.678  7667-7700  EGL_emulation           com.example.rhythmwatch              D  eglCreateContext: 0xa86f7b20: maj 2 min 0 rcv 2
2025-03-09 05:52:27.713  7667-7700  EGL_emulation           com.example.rhythmwatch              D  eglMakeCurrent: 0xa86f7b20: ver 2 0 (tinfo 0xb240b190)
2025-03-09 05:52:27.748  7667-7667  Compose Focus           com.example.rhythmwatch              D  Owner FocusChanged(true)
2025-03-09 05:52:27.870  7667-7667  ExoPlayerImpl           com.example.rhythmwatch              I  Init f202107 [AndroidXMedia3/1.5.1] [generic_x86, Android SDK built for x86, Google, 26]
2025-03-09 05:52:27.959  7667-7667  Choreographer           com.example.rhythmwatch              I  Skipped 41 frames!  The application may be doing too much work on its main thread.
2025-03-09 05:52:27.977  7667-7700  EGL_emulation           com.example.rhythmwatch              D  eglMakeCurrent: 0xa86f7b20: ver 2 0 (tinfo 0xb240b190)
2025-03-09 05:52:28.128  7667-7679  zygote                  com.example.rhythmwatch              I  Do partial code cache collection, code=29KB, data=25KB
2025-03-09 05:52:28.129  7667-7679  zygote                  com.example.rhythmwatch              I  After code cache collection, code=29KB, data=25KB
2025-03-09 05:52:28.129  7667-7679  zygote                  com.example.rhythmwatch              I  Increasing code cache capacity to 128KB
2025-03-09 05:52:28.452  7667-7703  VideoCapabilities       com.example.rhythmwatch              I  Unsupported profile 4 for video/mp4v-es
2025-03-09 05:52:28.524  7667-7710  OMXClient               com.example.rhythmwatch              I  Treble IOmx obtained
2025-03-09 05:52:28.530  7667-7710  ACodec                  com.example.rhythmwatch              I  codec does not support config priority (err -2147483648)
2025-03-09 05:52:28.595  7667-7703  AudioTrack              com.example.rhythmwatch              D  Client defaulted notificationFrames to 3675 for frameCount 11025
2025-03-09 05:52:29.949  7667-7679  zygote                  com.example.rhythmwatch              I  Do partial code cache collection, code=59KB, data=46KB
2025-03-09 05:52:29.949  7667-7679  zygote                  com.example.rhythmwatch              I  After code cache collection, code=59KB, data=46KB
2025-03-09 05:52:29.949  7667-7679  zygote                  com.example.rhythmwatch              I  Increasing code cache capacity to 256KB
2025-03-09 05:52:32.361  7667-7718  ProfileInstaller        com.example.rhythmwatch              D  Installing profile for com.example.rhythmwatch
2025-03-09 05:52:35.201  7667-7703  AudioTrack              com.example.rhythmwatch              D  stop() called with 294912 frames delivered
